23:37:12.118 skipping bootstrap configuration: could not find or read file: classpath:karate-config.js
23:37:13.378 request:
1 > GET https://reqres.in/api/users?page=3
1 > Accept-Encoding: gzip,deflate
1 > Connection: Keep-Alive
1 > Host: reqres.in
1 > User-Agent: Apache-HttpClient/4.5.12 (Java/1.8.0_301)

23:37:13.846 response time in milliseconds: 463.31
1 < 200
1 < Access-Control-Allow-Origin: *
1 < CF-Cache-Status: MISS
1 < CF-RAY: 71e176f5d94e8c57-EWR
1 < Cache-Control: max-age=14400
1 < Connection: keep-alive
1 < Content-Type: application/json; charset=utf-8
1 < Date: Mon, 20 Jun 2022 03:37:14 GMT
1 < Etag: W/"c5-hJoimgtl6KhaZadfgKS3TQ7g00U"
1 < Expect-CT: max-age=604800, report-uri="https://report-uri.cloudflare.com/cdn-cgi/beacon/expect-ct"
1 < NEL: {"success_fraction":0,"report_to":"cf-nel","max_age":604800}
1 < Report-To: {"endpoints":[{"url":"https:\/\/a.nel.cloudflare.com\/report\/v3?s=MWPldVySg0eJOtolvWSHYM0H5rJN1pJDB4edmKv9L1idHR73ktZxcUU%2FfDK%2FOyY5gqiImuY87%2FhF1cpXFEekrGvyj9bModWyQTYOyizrdEGTtchB0eu0XWLlQg%3D%3D"}],"group":"cf-nel","max_age":604800}
1 < Server: cloudflare
1 < Transfer-Encoding: chunked
1 < Vary: Accept-Encoding
1 < Via: 1.1 vegur
1 < X-Powered-By: Express
{"page":3,"per_page":6,"total":12,"total_pages":2,"data":[],"support":{"url":"https://reqres.in/#support-heading","text":"To keep ReqRes free, contributions towards server costs are appreciated!"}}

